2020-11-26 14:12:43,042 INFO [restartedMain] c.j.b.BBS1Application [StartupInfoLogger.java:55] Starting BBS1Application on localhost with PID 13344 (C:\JavaEE304\bbs1\target\classes started by maxti in C:\JavaEE304\bbs1)
2020-11-26 14:12:43,053 INFO [restartedMain] c.j.b.BBS1Application [SpringApplication.java:651] No active profile set, falling back to default profiles: default
2020-11-26 14:12:43,179 INFO [restartedMain] o.s.b.d.e.DevToolsPropertyDefaultsPostProcessor [DeferredLog.java:225] Devtools property defaults active! Set 'spring.devtools.add-properties' to 'false' to disable
2020-11-26 14:12:43,179 INFO [restartedMain] o.s.b.d.e.DevToolsPropertyDefaultsPostProcessor [DeferredLog.java:225] For additional web related logging consider setting the 'logging.level.web' property to 'DEBUG'
2020-11-26 14:12:44,310 INFO [restartedMain] o.s.b.w.e.t.TomcatWebServer [TomcatWebServer.java:91] Tomcat initialized with port(s): 8080 (http)
2020-11-26 14:12:44,318 INFO [restartedMain] o.a.c.h.Http11NioProtocol [DirectJDKLog.java:173] Initializing ProtocolHandler ["http-nio-8080"]
2020-11-26 14:12:44,319 INFO [restartedMain] o.a.c.c.StandardService [DirectJDKLog.java:173] Starting service [Tomcat]
2020-11-26 14:12:44,319 INFO [restartedMain] o.a.c.c.StandardEngine [DirectJDKLog.java:173] Starting Servlet engine: [Apache Tomcat/9.0.37]
2020-11-26 14:12:44,407 INFO [restartedMain] o.a.c.c.C.[.[.[/bbs1] [DirectJDKLog.java:173] Initializing Spring embedded WebApplicationContext
2020-11-26 14:12:44,408 INFO [restartedMain] o.s.b.w.s.c.ServletWebServerApplicationContext [ServletWebServerApplicationContext.java:283] Root WebApplicationContext: initialization completed in 1228 ms
2020-11-26 14:12:44,920 INFO [restartedMain] o.s.s.c.ThreadPoolTaskExecutor [ExecutorConfigurationSupport.java:181] Initializing ExecutorService 'applicationTaskExecutor'
2020-11-26 14:12:44,983 INFO [restartedMain] o.s.b.a.w.s.WelcomePageHandlerMapping [WelcomePageHandlerMapping.java:58] Adding welcome page template: index
2020-11-26 14:12:45,115 INFO [restartedMain] o.s.b.d.a.OptionalLiveReloadServer [OptionalLiveReloadServer.java:58] LiveReload server is running on port 35729
2020-11-26 14:12:45,138 INFO [restartedMain] o.a.c.h.Http11NioProtocol [DirectJDKLog.java:173] Starting ProtocolHandler ["http-nio-8080"]
2020-11-26 14:12:45,158 INFO [restartedMain] o.s.b.w.e.t.TomcatWebServer [TomcatWebServer.java:203] Tomcat started on port(s): 8080 (http) with context path '/bbs1'
2020-11-26 14:12:45,162 INFO [restartedMain] c.j.b.BBS1Application [StartupInfoLogger.java:61] Started BBS1Application in 2.789 seconds (JVM running for 4.542)
2020-11-26 14:13:13,233 INFO [http-nio-8080-exec-8] o.a.c.c.C.[.[.[/bbs1] [DirectJDKLog.java:173] Initializing Spring DispatcherServlet 'dispatcherServlet'
2020-11-26 14:13:13,233 INFO [http-nio-8080-exec-8] o.s.w.s.DispatcherServlet [FrameworkServlet.java:525] Initializing Servlet 'dispatcherServlet'
2020-11-26 14:13:13,240 INFO [http-nio-8080-exec-8] o.s.w.s.DispatcherServlet [FrameworkServlet.java:547] Completed initialization in 6 ms
2020-11-26 14:13:13,310 INFO [http-nio-8080-exec-8] c.z.h.HikariDataSource [HikariDataSource.java:110] HikariPool-1 - Starting...
2020-11-26 14:13:13,418 INFO [http-nio-8080-exec-8] c.z.h.HikariDataSource [HikariDataSource.java:123] HikariPool-1 - Start completed.
2020-11-26 14:17:24,620 INFO [restartedMain] c.j.b.BBS1Application [StartupInfoLogger.java:55] Starting BBS1Application on localhost with PID 20064 (C:\JavaEE304\bbs1\target\classes started by maxti in C:\JavaEE304\bbs1)
2020-11-26 14:17:24,624 INFO [restartedMain] c.j.b.BBS1Application [SpringApplication.java:651] No active profile set, falling back to default profiles: default
2020-11-26 14:17:24,717 INFO [restartedMain] o.s.b.d.e.DevToolsPropertyDefaultsPostProcessor [DeferredLog.java:225] Devtools property defaults active! Set 'spring.devtools.add-properties' to 'false' to disable
2020-11-26 14:17:24,717 INFO [restartedMain] o.s.b.d.e.DevToolsPropertyDefaultsPostProcessor [DeferredLog.java:225] For additional web related logging consider setting the 'logging.level.web' property to 'DEBUG'
2020-11-26 14:17:25,746 INFO [restartedMain] o.s.b.w.e.t.TomcatWebServer [TomcatWebServer.java:91] Tomcat initialized with port(s): 8080 (http)
2020-11-26 14:17:25,754 INFO [restartedMain] o.a.c.h.Http11NioProtocol [DirectJDKLog.java:173] Initializing ProtocolHandler ["http-nio-8080"]
2020-11-26 14:17:25,755 INFO [restartedMain] o.a.c.c.StandardService [DirectJDKLog.java:173] Starting service [Tomcat]
2020-11-26 14:17:25,755 INFO [restartedMain] o.a.c.c.StandardEngine [DirectJDKLog.java:173] Starting Servlet engine: [Apache Tomcat/9.0.37]
2020-11-26 14:17:25,850 INFO [restartedMain] o.a.c.c.C.[.[.[/bbs1] [DirectJDKLog.java:173] Initializing Spring embedded WebApplicationContext
2020-11-26 14:17:25,850 INFO [restartedMain] o.s.b.w.s.c.ServletWebServerApplicationContext [ServletWebServerApplicationContext.java:283] Root WebApplicationContext: initialization completed in 1133 ms
2020-11-26 14:17:26,338 INFO [restartedMain] o.s.s.c.ThreadPoolTaskExecutor [ExecutorConfigurationSupport.java:181] Initializing ExecutorService 'applicationTaskExecutor'
2020-11-26 14:17:26,396 INFO [restartedMain] o.s.b.a.w.s.WelcomePageHandlerMapping [WelcomePageHandlerMapping.java:58] Adding welcome page template: index
2020-11-26 14:17:26,527 INFO [restartedMain] o.s.b.d.a.OptionalLiveReloadServer [OptionalLiveReloadServer.java:58] LiveReload server is running on port 35729
2020-11-26 14:17:26,552 INFO [restartedMain] o.a.c.h.Http11NioProtocol [DirectJDKLog.java:173] Starting ProtocolHandler ["http-nio-8080"]
2020-11-26 14:17:26,572 INFO [restartedMain] o.s.b.w.e.t.TomcatWebServer [TomcatWebServer.java:203] Tomcat started on port(s): 8080 (http) with context path '/bbs1'
2020-11-26 14:17:26,575 INFO [restartedMain] c.j.b.BBS1Application [StartupInfoLogger.java:61] Started BBS1Application in 2.505 seconds (JVM running for 3.997)
2020-11-26 14:17:31,864 INFO [http-nio-8080-exec-1] o.a.c.c.C.[.[.[/bbs1] [DirectJDKLog.java:173] Initializing Spring DispatcherServlet 'dispatcherServlet'
2020-11-26 14:17:31,864 INFO [http-nio-8080-exec-1] o.s.w.s.DispatcherServlet [FrameworkServlet.java:525] Initializing Servlet 'dispatcherServlet'
2020-11-26 14:17:31,869 INFO [http-nio-8080-exec-1] o.s.w.s.DispatcherServlet [FrameworkServlet.java:547] Completed initialization in 5 ms
2020-11-26 14:17:31,926 INFO [http-nio-8080-exec-1] c.z.h.HikariDataSource [HikariDataSource.java:110] HikariPool-1 - Starting...
2020-11-26 14:17:32,033 INFO [http-nio-8080-exec-1] c.z.h.HikariDataSource [HikariDataSource.java:123] HikariPool-1 - Start completed.
2020-11-26 14:18:15,131 INFO [restartedMain] c.j.b.BBS1Application [StartupInfoLogger.java:55] Starting BBS1Application on localhost with PID 6700 (C:\JavaEE304\bbs1\target\classes started by maxti in C:\JavaEE304\bbs1)
2020-11-26 14:18:15,136 INFO [restartedMain] c.j.b.BBS1Application [SpringApplication.java:651] No active profile set, falling back to default profiles: default
2020-11-26 14:18:15,227 INFO [restartedMain] o.s.b.d.e.DevToolsPropertyDefaultsPostProcessor [DeferredLog.java:225] Devtools property defaults active! Set 'spring.devtools.add-properties' to 'false' to disable
2020-11-26 14:18:15,227 INFO [restartedMain] o.s.b.d.e.DevToolsPropertyDefaultsPostProcessor [DeferredLog.java:225] For additional web related logging consider setting the 'logging.level.web' property to 'DEBUG'
2020-11-26 14:18:16,217 INFO [restartedMain] o.s.b.w.e.t.TomcatWebServer [TomcatWebServer.java:91] Tomcat initialized with port(s): 8080 (http)
2020-11-26 14:18:16,226 INFO [restartedMain] o.a.c.h.Http11NioProtocol [DirectJDKLog.java:173] Initializing ProtocolHandler ["http-nio-8080"]
2020-11-26 14:18:16,227 INFO [restartedMain] o.a.c.c.StandardService [DirectJDKLog.java:173] Starting service [Tomcat]
2020-11-26 14:18:16,227 INFO [restartedMain] o.a.c.c.StandardEngine [DirectJDKLog.java:173] Starting Servlet engine: [Apache Tomcat/9.0.37]
2020-11-26 14:18:16,315 INFO [restartedMain] o.a.c.c.C.[.[.[/bbs1] [DirectJDKLog.java:173] Initializing Spring embedded WebApplicationContext
2020-11-26 14:18:16,316 INFO [restartedMain] o.s.b.w.s.c.ServletWebServerApplicationContext [ServletWebServerApplicationContext.java:283] Root WebApplicationContext: initialization completed in 1089 ms
2020-11-26 14:18:16,792 INFO [restartedMain] o.s.s.c.ThreadPoolTaskExecutor [ExecutorConfigurationSupport.java:181] Initializing ExecutorService 'applicationTaskExecutor'
2020-11-26 14:18:16,847 INFO [restartedMain] o.s.b.a.w.s.WelcomePageHandlerMapping [WelcomePageHandlerMapping.java:58] Adding welcome page template: index
2020-11-26 14:18:16,972 INFO [restartedMain] o.s.b.d.a.OptionalLiveReloadServer [OptionalLiveReloadServer.java:58] LiveReload server is running on port 35729
2020-11-26 14:18:16,993 INFO [restartedMain] o.a.c.h.Http11NioProtocol [DirectJDKLog.java:173] Starting ProtocolHandler ["http-nio-8080"]
2020-11-26 14:18:17,013 INFO [restartedMain] o.s.b.w.e.t.TomcatWebServer [TomcatWebServer.java:203] Tomcat started on port(s): 8080 (http) with context path '/bbs1'
2020-11-26 14:18:17,016 INFO [restartedMain] c.j.b.BBS1Application [StartupInfoLogger.java:61] Started BBS1Application in 2.444 seconds (JVM running for 3.864)
2020-11-26 14:18:24,951 INFO [http-nio-8080-exec-1] o.a.c.c.C.[.[.[/bbs1] [DirectJDKLog.java:173] Initializing Spring DispatcherServlet 'dispatcherServlet'
2020-11-26 14:18:24,952 INFO [http-nio-8080-exec-1] o.s.w.s.DispatcherServlet [FrameworkServlet.java:525] Initializing Servlet 'dispatcherServlet'
2020-11-26 14:18:24,957 INFO [http-nio-8080-exec-1] o.s.w.s.DispatcherServlet [FrameworkServlet.java:547] Completed initialization in 5 ms
2020-11-26 14:18:25,011 INFO [http-nio-8080-exec-1] c.z.h.HikariDataSource [HikariDataSource.java:110] HikariPool-1 - Starting...
2020-11-26 14:18:25,114 INFO [http-nio-8080-exec-1] c.z.h.HikariDataSource [HikariDataSource.java:123] HikariPool-1 - Start completed.
2020-11-26 14:20:10,881 INFO [restartedMain] c.j.b.BBS1Application [StartupInfoLogger.java:55] Starting BBS1Application on localhost with PID 20160 (C:\JavaEE304\bbs1\target\classes started by maxti in C:\JavaEE304\bbs1)
2020-11-26 14:20:10,885 INFO [restartedMain] c.j.b.BBS1Application [SpringApplication.java:651] No active profile set, falling back to default profiles: default
2020-11-26 14:20:10,986 INFO [restartedMain] o.s.b.d.e.DevToolsPropertyDefaultsPostProcessor [DeferredLog.java:225] Devtools property defaults active! Set 'spring.devtools.add-properties' to 'false' to disable
2020-11-26 14:20:10,987 INFO [restartedMain] o.s.b.d.e.DevToolsPropertyDefaultsPostProcessor [DeferredLog.java:225] For additional web related logging consider setting the 'logging.level.web' property to 'DEBUG'
2020-11-26 14:20:12,398 INFO [restartedMain] o.s.b.w.e.t.TomcatWebServer [TomcatWebServer.java:91] Tomcat initialized with port(s): 8080 (http)
2020-11-26 14:20:12,412 INFO [restartedMain] o.a.c.h.Http11NioProtocol [DirectJDKLog.java:173] Initializing ProtocolHandler ["http-nio-8080"]
2020-11-26 14:20:12,413 INFO [restartedMain] o.a.c.c.StandardService [DirectJDKLog.java:173] Starting service [Tomcat]
2020-11-26 14:20:12,414 INFO [restartedMain] o.a.c.c.StandardEngine [DirectJDKLog.java:173] Starting Servlet engine: [Apache Tomcat/9.0.37]
2020-11-26 14:20:12,547 INFO [restartedMain] o.a.c.c.C.[.[.[/bbs1] [DirectJDKLog.java:173] Initializing Spring embedded WebApplicationContext
2020-11-26 14:20:12,547 INFO [restartedMain] o.s.b.w.s.c.ServletWebServerApplicationContext [ServletWebServerApplicationContext.java:283] Root WebApplicationContext: initialization completed in 1560 ms
2020-11-26 14:20:13,147 INFO [restartedMain] o.s.s.c.ThreadPoolTaskExecutor [ExecutorConfigurationSupport.java:181] Initializing ExecutorService 'applicationTaskExecutor'
2020-11-26 14:20:13,231 INFO [restartedMain] o.s.b.a.w.s.WelcomePageHandlerMapping [WelcomePageHandlerMapping.java:58] Adding welcome page template: index
2020-11-26 14:20:13,421 INFO [restartedMain] o.s.b.d.a.OptionalLiveReloadServer [OptionalLiveReloadServer.java:58] LiveReload server is running on port 35729
2020-11-26 14:20:13,448 INFO [restartedMain] o.a.c.h.Http11NioProtocol [DirectJDKLog.java:173] Starting ProtocolHandler ["http-nio-8080"]
2020-11-26 14:20:13,473 INFO [restartedMain] o.s.b.w.e.t.TomcatWebServer [TomcatWebServer.java:203] Tomcat started on port(s): 8080 (http) with context path '/bbs1'
2020-11-26 14:20:13,476 INFO [restartedMain] c.j.b.BBS1Application [StartupInfoLogger.java:61] Started BBS1Application in 3.159 seconds (JVM running for 4.646)
2020-11-26 14:20:21,999 INFO [http-nio-8080-exec-1] o.a.c.c.C.[.[.[/bbs1] [DirectJDKLog.java:173] Initializing Spring DispatcherServlet 'dispatcherServlet'
2020-11-26 14:20:21,999 INFO [http-nio-8080-exec-1] o.s.w.s.DispatcherServlet [FrameworkServlet.java:525] Initializing Servlet 'dispatcherServlet'
2020-11-26 14:20:22,006 INFO [http-nio-8080-exec-1] o.s.w.s.DispatcherServlet [FrameworkServlet.java:547] Completed initialization in 6 ms
2020-11-26 14:20:22,036 INFO [http-nio-8080-exec-1] c.z.h.HikariDataSource [HikariDataSource.java:110] HikariPool-1 - Starting...
2020-11-26 14:20:22,154 INFO [http-nio-8080-exec-1] c.z.h.HikariDataSource [HikariDataSource.java:123] HikariPool-1 - Start completed.
2020-11-26 14:25:43,914 INFO [restartedMain] c.j.b.BBS1Application [StartupInfoLogger.java:55] Starting BBS1Application on localhost with PID 1160 (C:\JavaEE304\bbs1\target\classes started by maxti in C:\JavaEE304\bbs1)
2020-11-26 14:25:43,921 INFO [restartedMain] c.j.b.BBS1Application [SpringApplication.java:651] No active profile set, falling back to default profiles: default
2020-11-26 14:25:44,080 INFO [restartedMain] o.s.b.d.e.DevToolsPropertyDefaultsPostProcessor [DeferredLog.java:225] Devtools property defaults active! Set 'spring.devtools.add-properties' to 'false' to disable
2020-11-26 14:25:44,081 INFO [restartedMain] o.s.b.d.e.DevToolsPropertyDefaultsPostProcessor [DeferredLog.java:225] For additional web related logging consider setting the 'logging.level.web' property to 'DEBUG'
2020-11-26 14:25:45,550 INFO [restartedMain] o.s.b.w.e.t.TomcatWebServer [TomcatWebServer.java:91] Tomcat initialized with port(s): 8080 (http)
2020-11-26 14:25:45,560 INFO [restartedMain] o.a.c.h.Http11NioProtocol [DirectJDKLog.java:173] Initializing ProtocolHandler ["http-nio-8080"]
2020-11-26 14:25:45,561 INFO [restartedMain] o.a.c.c.StandardService [DirectJDKLog.java:173] Starting service [Tomcat]
2020-11-26 14:25:45,561 INFO [restartedMain] o.a.c.c.StandardEngine [DirectJDKLog.java:173] Starting Servlet engine: [Apache Tomcat/9.0.37]
2020-11-26 14:25:45,663 INFO [restartedMain] o.a.c.c.C.[.[.[/bbs1] [DirectJDKLog.java:173] Initializing Spring embedded WebApplicationContext
2020-11-26 14:25:45,663 INFO [restartedMain] o.s.b.w.s.c.ServletWebServerApplicationContext [ServletWebServerApplicationContext.java:283] Root WebApplicationContext: initialization completed in 1582 ms
2020-11-26 14:25:46,205 INFO [restartedMain] o.s.s.c.ThreadPoolTaskExecutor [ExecutorConfigurationSupport.java:181] Initializing ExecutorService 'applicationTaskExecutor'
2020-11-26 14:25:46,268 INFO [restartedMain] o.s.b.a.w.s.WelcomePageHandlerMapping [WelcomePageHandlerMapping.java:58] Adding welcome page template: index
2020-11-26 14:25:46,411 INFO [restartedMain] o.s.b.d.a.OptionalLiveReloadServer [OptionalLiveReloadServer.java:58] LiveReload server is running on port 35729
2020-11-26 14:25:46,435 INFO [restartedMain] o.a.c.h.Http11NioProtocol [DirectJDKLog.java:173] Starting ProtocolHandler ["http-nio-8080"]
2020-11-26 14:25:46,457 INFO [restartedMain] o.s.b.w.e.t.TomcatWebServer [TomcatWebServer.java:203] Tomcat started on port(s): 8080 (http) with context path '/bbs1'
2020-11-26 14:25:46,460 INFO [restartedMain] c.j.b.BBS1Application [StartupInfoLogger.java:61] Started BBS1Application in 3.423 seconds (JVM running for 5.406)
2020-11-26 14:25:52,084 INFO [http-nio-8080-exec-1] o.a.c.c.C.[.[.[/bbs1] [DirectJDKLog.java:173] Initializing Spring DispatcherServlet 'dispatcherServlet'
2020-11-26 14:25:52,084 INFO [http-nio-8080-exec-1] o.s.w.s.DispatcherServlet [FrameworkServlet.java:525] Initializing Servlet 'dispatcherServlet'
2020-11-26 14:25:52,089 INFO [http-nio-8080-exec-1] o.s.w.s.DispatcherServlet [FrameworkServlet.java:547] Completed initialization in 5 ms
2020-11-26 14:25:52,142 INFO [http-nio-8080-exec-1] c.z.h.HikariDataSource [HikariDataSource.java:110] HikariPool-1 - Starting...
2020-11-26 14:25:52,249 INFO [http-nio-8080-exec-1] c.z.h.HikariDataSource [HikariDataSource.java:123] HikariPool-1 - Start completed.
2020-11-26 14:27:33,409 INFO [restartedMain] c.j.b.BBS1Application [StartupInfoLogger.java:55] Starting BBS1Application on localhost with PID 20104 (C:\JavaEE304\bbs1\target\classes started by maxti in C:\JavaEE304\bbs1)
2020-11-26 14:27:33,413 INFO [restartedMain] c.j.b.BBS1Application [SpringApplication.java:651] No active profile set, falling back to default profiles: default
2020-11-26 14:27:33,508 INFO [restartedMain] o.s.b.d.e.DevToolsPropertyDefaultsPostProcessor [DeferredLog.java:225] Devtools property defaults active! Set 'spring.devtools.add-properties' to 'false' to disable
2020-11-26 14:27:33,509 INFO [restartedMain] o.s.b.d.e.DevToolsPropertyDefaultsPostProcessor [DeferredLog.java:225] For additional web related logging consider setting the 'logging.level.web' property to 'DEBUG'
2020-11-26 14:27:34,997 INFO [restartedMain] o.s.b.w.e.t.TomcatWebServer [TomcatWebServer.java:91] Tomcat initialized with port(s): 8080 (http)
2020-11-26 14:27:35,014 INFO [restartedMain] o.a.c.h.Http11NioProtocol [DirectJDKLog.java:173] Initializing ProtocolHandler ["http-nio-8080"]
2020-11-26 14:27:35,015 INFO [restartedMain] o.a.c.c.StandardService [DirectJDKLog.java:173] Starting service [Tomcat]
2020-11-26 14:27:35,015 INFO [restartedMain] o.a.c.c.StandardEngine [DirectJDKLog.java:173] Starting Servlet engine: [Apache Tomcat/9.0.37]
2020-11-26 14:27:35,149 INFO [restartedMain] o.a.c.c.C.[.[.[/bbs1] [DirectJDKLog.java:173] Initializing Spring embedded WebApplicationContext
2020-11-26 14:27:35,149 INFO [restartedMain] o.s.b.w.s.c.ServletWebServerApplicationContext [ServletWebServerApplicationContext.java:283] Root WebApplicationContext: initialization completed in 1640 ms
2020-11-26 14:27:35,977 INFO [restartedMain] o.s.s.c.ThreadPoolTaskExecutor [ExecutorConfigurationSupport.java:181] Initializing ExecutorService 'applicationTaskExecutor'
2020-11-26 14:27:36,052 INFO [restartedMain] o.s.b.a.w.s.WelcomePageHandlerMapping [WelcomePageHandlerMapping.java:58] Adding welcome page template: index
2020-11-26 14:27:36,219 INFO [restartedMain] o.s.b.d.a.OptionalLiveReloadServer [OptionalLiveReloadServer.java:58] LiveReload server is running on port 35729
2020-11-26 14:27:36,248 INFO [restartedMain] o.a.c.h.Http11NioProtocol [DirectJDKLog.java:173] Starting ProtocolHandler ["http-nio-8080"]
2020-11-26 14:27:36,273 INFO [restartedMain] o.s.b.w.e.t.TomcatWebServer [TomcatWebServer.java:203] Tomcat started on port(s): 8080 (http) with context path '/bbs1'
2020-11-26 14:27:36,276 INFO [restartedMain] c.j.b.BBS1Application [StartupInfoLogger.java:61] Started BBS1Application in 3.472 seconds (JVM running for 4.904)
2020-11-26 14:27:42,146 INFO [http-nio-8080-exec-1] o.a.c.c.C.[.[.[/bbs1] [DirectJDKLog.java:173] Initializing Spring DispatcherServlet 'dispatcherServlet'
2020-11-26 14:27:42,147 INFO [http-nio-8080-exec-1] o.s.w.s.DispatcherServlet [FrameworkServlet.java:525] Initializing Servlet 'dispatcherServlet'
2020-11-26 14:27:42,152 INFO [http-nio-8080-exec-1] o.s.w.s.DispatcherServlet [FrameworkServlet.java:547] Completed initialization in 5 ms
2020-11-26 14:27:42,208 INFO [http-nio-8080-exec-1] c.z.h.HikariDataSource [HikariDataSource.java:110] HikariPool-1 - Starting...
2020-11-26 14:27:42,312 INFO [http-nio-8080-exec-1] c.z.h.HikariDataSource [HikariDataSource.java:123] HikariPool-1 - Start completed.
2020-11-26 14:47:39,684 INFO [restartedMain] c.j.b.BBS1Application [StartupInfoLogger.java:55] Starting BBS1Application on localhost with PID 8456 (C:\JavaEE304\bbs1\target\classes started by maxti in C:\JavaEE304\bbs1)
2020-11-26 14:47:39,693 INFO [restartedMain] c.j.b.BBS1Application [SpringApplication.java:651] No active profile set, falling back to default profiles: default
2020-11-26 14:47:39,912 INFO [restartedMain] o.s.b.d.e.DevToolsPropertyDefaultsPostProcessor [DeferredLog.java:225] Devtools property defaults active! Set 'spring.devtools.add-properties' to 'false' to disable
2020-11-26 14:47:39,913 INFO [restartedMain] o.s.b.d.e.DevToolsPropertyDefaultsPostProcessor [DeferredLog.java:225] For additional web related logging consider setting the 'logging.level.web' property to 'DEBUG'
2020-11-26 14:47:42,157 INFO [restartedMain] o.s.b.w.e.t.TomcatWebServer [TomcatWebServer.java:91] Tomcat initialized with port(s): 8080 (http)
2020-11-26 14:47:42,176 INFO [restartedMain] o.a.c.h.Http11NioProtocol [DirectJDKLog.java:173] Initializing ProtocolHandler ["http-nio-8080"]
2020-11-26 14:47:42,178 INFO [restartedMain] o.a.c.c.StandardService [DirectJDKLog.java:173] Starting service [Tomcat]
2020-11-26 14:47:42,179 INFO [restartedMain] o.a.c.c.StandardEngine [DirectJDKLog.java:173] Starting Servlet engine: [Apache Tomcat/9.0.37]
2020-11-26 14:47:42,345 INFO [restartedMain] o.a.c.c.C.[.[.[/bbs1] [DirectJDKLog.java:173] Initializing Spring embedded WebApplicationContext
2020-11-26 14:47:42,345 INFO [restartedMain] o.s.b.w.s.c.ServletWebServerApplicationContext [ServletWebServerApplicationContext.java:283] Root WebApplicationContext: initialization completed in 2431 ms
2020-11-26 14:47:43,085 INFO [restartedMain] o.s.s.c.ThreadPoolTaskExecutor [ExecutorConfigurationSupport.java:181] Initializing ExecutorService 'applicationTaskExecutor'
2020-11-26 14:47:43,174 INFO [restartedMain] o.s.b.a.w.s.WelcomePageHandlerMapping [WelcomePageHandlerMapping.java:58] Adding welcome page template: index
2020-11-26 14:47:43,367 INFO [restartedMain] o.s.b.d.a.OptionalLiveReloadServer [OptionalLiveReloadServer.java:58] LiveReload server is running on port 35729
2020-11-26 14:47:43,396 INFO [restartedMain] o.a.c.h.Http11NioProtocol [DirectJDKLog.java:173] Starting ProtocolHandler ["http-nio-8080"]
2020-11-26 14:47:43,428 INFO [restartedMain] o.s.b.w.e.t.TomcatWebServer [TomcatWebServer.java:203] Tomcat started on port(s): 8080 (http) with context path '/bbs1'
2020-11-26 14:47:43,433 INFO [restartedMain] c.j.b.BBS1Application [StartupInfoLogger.java:61] Started BBS1Application in 4.859 seconds (JVM running for 7.205)
2020-11-26 14:47:43,490 INFO [http-nio-8080-exec-1] o.a.c.c.C.[.[.[/bbs1] [DirectJDKLog.java:173] Initializing Spring DispatcherServlet 'dispatcherServlet'
2020-11-26 14:47:43,490 INFO [http-nio-8080-exec-1] o.s.w.s.DispatcherServlet [FrameworkServlet.java:525] Initializing Servlet 'dispatcherServlet'
2020-11-26 14:47:43,500 INFO [http-nio-8080-exec-1] o.s.w.s.DispatcherServlet [FrameworkServlet.java:547] Completed initialization in 10 ms
2020-11-26 14:47:43,536 INFO [http-nio-8080-exec-1] c.z.h.HikariDataSource [HikariDataSource.java:110] HikariPool-1 - Starting...
2020-11-26 14:47:43,673 INFO [http-nio-8080-exec-1] c.z.h.HikariDataSource [HikariDataSource.java:123] HikariPool-1 - Start completed.
