2020-12-05 18:21:49,642 INFO [main] c.j.b.MapperTest [StartupInfoLogger.java:55] Starting MapperTest on localhost with PID 9376 (started by maxti in C:\JavaEE304\bbs1)
2020-12-05 18:21:49,673 INFO [main] c.j.b.MapperTest [SpringApplication.java:651] No active profile set, falling back to default profiles: default
2020-12-05 18:21:53,157 INFO [main] o.s.s.c.ThreadPoolTaskExecutor [ExecutorConfigurationSupport.java:181] Initializing ExecutorService 'applicationTaskExecutor'
2020-12-05 18:21:53,376 INFO [main] o.s.b.a.w.s.WelcomePageHandlerMapping [WelcomePageHandlerMapping.java:58] Adding welcome page template: index
2020-12-05 18:21:53,891 INFO [main] c.j.b.MapperTest [StartupInfoLogger.java:61] Started MapperTest in 5.126 seconds (JVM running for 6.674)
2020-12-05 18:21:54,438 INFO [SpringContextShutdownHook] o.s.s.c.ThreadPoolTaskExecutor [ExecutorConfigurationSupport.java:218] Shutting down ExecutorService 'applicationTaskExecutor'
2020-12-05 18:37:23,719 INFO [main] c.j.b.MapperTest [StartupInfoLogger.java:55] Starting MapperTest on localhost with PID 7588 (started by maxti in C:\JavaEE304\bbs1)
2020-12-05 18:37:23,719 INFO [main] c.j.b.MapperTest [SpringApplication.java:651] No active profile set, falling back to default profiles: default
2020-12-05 18:37:26,234 INFO [main] o.s.s.c.ThreadPoolTaskExecutor [ExecutorConfigurationSupport.java:181] Initializing ExecutorService 'applicationTaskExecutor'
2020-12-05 18:37:26,359 INFO [main] o.s.b.a.w.s.WelcomePageHandlerMapping [WelcomePageHandlerMapping.java:58] Adding welcome page template: index
2020-12-05 18:37:26,721 INFO [main] c.j.b.MapperTest [StartupInfoLogger.java:61] Started MapperTest in 3.506 seconds (JVM running for 4.767)
2020-12-05 18:37:27,047 INFO [SpringContextShutdownHook] o.s.s.c.ThreadPoolTaskExecutor [ExecutorConfigurationSupport.java:218] Shutting down ExecutorService 'applicationTaskExecutor'
2020-12-05 18:38:17,416 INFO [main] c.j.b.MapperTest [StartupInfoLogger.java:55] Starting MapperTest on localhost with PID 16800 (started by maxti in C:\JavaEE304\bbs1)
2020-12-05 18:38:17,432 INFO [main] c.j.b.MapperTest [SpringApplication.java:651] No active profile set, falling back to default profiles: default
2020-12-05 18:38:20,110 INFO [main] o.s.s.c.ThreadPoolTaskExecutor [ExecutorConfigurationSupport.java:181] Initializing ExecutorService 'applicationTaskExecutor'
2020-12-05 18:38:20,236 INFO [main] o.s.b.a.w.s.WelcomePageHandlerMapping [WelcomePageHandlerMapping.java:58] Adding welcome page template: index
2020-12-05 18:38:20,644 INFO [main] c.j.b.MapperTest [StartupInfoLogger.java:61] Started MapperTest in 3.756 seconds (JVM running for 4.841)
2020-12-05 18:38:21,080 INFO [main] c.z.h.HikariDataSource [HikariDataSource.java:110] HikariPool-1 - Starting...
2020-12-05 18:38:22,450 INFO [SpringContextShutdownHook] o.s.s.c.ThreadPoolTaskExecutor [ExecutorConfigurationSupport.java:218] Shutting down ExecutorService 'applicationTaskExecutor'
2020-12-05 18:39:11,931 INFO [main] c.j.b.MapperTest [StartupInfoLogger.java:55] Starting MapperTest on localhost with PID 18252 (started by maxti in C:\JavaEE304\bbs1)
2020-12-05 18:39:11,931 INFO [main] c.j.b.MapperTest [SpringApplication.java:651] No active profile set, falling back to default profiles: default
2020-12-05 18:39:14,920 INFO [main] o.s.s.c.ThreadPoolTaskExecutor [ExecutorConfigurationSupport.java:181] Initializing ExecutorService 'applicationTaskExecutor'
2020-12-05 18:39:15,110 INFO [main] o.s.b.a.w.s.WelcomePageHandlerMapping [WelcomePageHandlerMapping.java:58] Adding welcome page template: index
2020-12-05 18:39:15,594 INFO [main] c.j.b.MapperTest [StartupInfoLogger.java:61] Started MapperTest in 4.14 seconds (JVM running for 5.166)
2020-12-05 18:39:16,047 INFO [main] c.z.h.HikariDataSource [HikariDataSource.java:110] HikariPool-1 - Starting...
2020-12-05 18:39:17,320 INFO [SpringContextShutdownHook] o.s.s.c.ThreadPoolTaskExecutor [ExecutorConfigurationSupport.java:218] Shutting down ExecutorService 'applicationTaskExecutor'
2020-12-05 18:40:17,152 INFO [main] c.j.b.MapperTest [StartupInfoLogger.java:55] Starting MapperTest on localhost with PID 14988 (started by maxti in C:\JavaEE304\bbs1)
2020-12-05 18:40:17,167 INFO [main] c.j.b.MapperTest [SpringApplication.java:651] No active profile set, falling back to default profiles: default
2020-12-05 18:40:21,067 INFO [main] o.s.s.c.ThreadPoolTaskExecutor [ExecutorConfigurationSupport.java:181] Initializing ExecutorService 'applicationTaskExecutor'
2020-12-05 18:40:21,239 INFO [main] o.s.b.a.w.s.WelcomePageHandlerMapping [WelcomePageHandlerMapping.java:58] Adding welcome page template: index
2020-12-05 18:40:21,694 INFO [main] c.j.b.MapperTest [StartupInfoLogger.java:61] Started MapperTest in 5.453 seconds (JVM running for 7.257)
2020-12-05 18:40:22,119 INFO [main] c.z.h.HikariDataSource [HikariDataSource.java:110] HikariPool-1 - Starting...
2020-12-05 18:40:22,462 INFO [main] c.z.h.HikariDataSource [HikariDataSource.java:123] HikariPool-1 - Start completed.
2020-12-05 18:40:22,634 INFO [SpringContextShutdownHook] o.s.s.c.ThreadPoolTaskExecutor [ExecutorConfigurationSupport.java:218] Shutting down ExecutorService 'applicationTaskExecutor'
2020-12-05 18:40:22,634 INFO [SpringContextShutdownHook] c.z.h.HikariDataSource [HikariDataSource.java:350] HikariPool-1 - Shutdown initiated...
2020-12-05 18:40:22,650 INFO [SpringContextShutdownHook] c.z.h.HikariDataSource [HikariDataSource.java:352] HikariPool-1 - Shutdown completed.
2020-12-05 18:40:58,470 INFO [main] c.j.b.MapperTest [StartupInfoLogger.java:55] Starting MapperTest on localhost with PID 19708 (started by maxti in C:\JavaEE304\bbs1)
2020-12-05 18:40:58,470 INFO [main] c.j.b.MapperTest [SpringApplication.java:651] No active profile set, falling back to default profiles: default
2020-12-05 18:41:01,365 INFO [main] o.s.s.c.ThreadPoolTaskExecutor [ExecutorConfigurationSupport.java:181] Initializing ExecutorService 'applicationTaskExecutor'
2020-12-05 18:41:01,553 INFO [main] o.s.b.a.w.s.WelcomePageHandlerMapping [WelcomePageHandlerMapping.java:58] Adding welcome page template: index
2020-12-05 18:41:02,124 INFO [main] c.j.b.MapperTest [StartupInfoLogger.java:61] Started MapperTest in 4.231 seconds (JVM running for 5.429)
2020-12-05 18:41:02,595 INFO [main] c.z.h.HikariDataSource [HikariDataSource.java:110] HikariPool-1 - Starting...
2020-12-05 18:41:02,973 INFO [main] c.z.h.HikariDataSource [HikariDataSource.java:123] HikariPool-1 - Start completed.
2020-12-05 18:41:03,160 INFO [SpringContextShutdownHook] o.s.s.c.ThreadPoolTaskExecutor [ExecutorConfigurationSupport.java:218] Shutting down ExecutorService 'applicationTaskExecutor'
2020-12-05 18:41:03,160 INFO [SpringContextShutdownHook] c.z.h.HikariDataSource [HikariDataSource.java:350] HikariPool-1 - Shutdown initiated...
2020-12-05 18:41:03,207 INFO [SpringContextShutdownHook] c.z.h.HikariDataSource [HikariDataSource.java:352] HikariPool-1 - Shutdown completed.
2020-12-05 18:41:22,539 INFO [main] c.j.b.MapperTest [StartupInfoLogger.java:55] Starting MapperTest on localhost with PID 16164 (started by maxti in C:\JavaEE304\bbs1)
2020-12-05 18:41:22,555 INFO [main] c.j.b.MapperTest [SpringApplication.java:651] No active profile set, falling back to default profiles: default
2020-12-05 18:41:26,302 INFO [main] o.s.s.c.ThreadPoolTaskExecutor [ExecutorConfigurationSupport.java:181] Initializing ExecutorService 'applicationTaskExecutor'
2020-12-05 18:41:26,584 INFO [main] o.s.b.a.w.s.WelcomePageHandlerMapping [WelcomePageHandlerMapping.java:58] Adding welcome page template: index
2020-12-05 18:41:27,318 INFO [main] c.j.b.MapperTest [StartupInfoLogger.java:61] Started MapperTest in 5.348 seconds (JVM running for 6.56)
2020-12-05 18:41:28,023 INFO [main] c.z.h.HikariDataSource [HikariDataSource.java:110] HikariPool-1 - Starting...
2020-12-05 18:41:28,319 INFO [main] c.z.h.HikariDataSource [HikariDataSource.java:123] HikariPool-1 - Start completed.
2020-12-05 18:41:28,579 INFO [SpringContextShutdownHook] o.s.s.c.ThreadPoolTaskExecutor [ExecutorConfigurationSupport.java:218] Shutting down ExecutorService 'applicationTaskExecutor'
2020-12-05 18:41:28,579 INFO [SpringContextShutdownHook] c.z.h.HikariDataSource [HikariDataSource.java:350] HikariPool-1 - Shutdown initiated...
2020-12-05 18:41:28,595 INFO [SpringContextShutdownHook] c.z.h.HikariDataSource [HikariDataSource.java:352] HikariPool-1 - Shutdown completed.
2020-12-05 19:34:05,924 INFO [restartedMain] c.j.b.BBS1Application [StartupInfoLogger.java:55] Starting BBS1Application on localhost with PID 20216 (C:\JavaEE304\bbs1\target\classes started by maxti in C:\JavaEE304\bbs1)
2020-12-05 19:34:05,924 INFO [restartedMain] c.j.b.BBS1Application [SpringApplication.java:651] No active profile set, falling back to default profiles: default
2020-12-05 19:34:06,049 INFO [restartedMain] o.s.b.d.e.DevToolsPropertyDefaultsPostProcessor [DeferredLog.java:225] Devtools property defaults active! Set 'spring.devtools.add-properties' to 'false' to disable
2020-12-05 19:34:06,049 INFO [restartedMain] o.s.b.d.e.DevToolsPropertyDefaultsPostProcessor [DeferredLog.java:225] For additional web related logging consider setting the 'logging.level.web' property to 'DEBUG'
2020-12-05 19:34:07,145 INFO [restartedMain] o.s.b.w.e.t.TomcatWebServer [TomcatWebServer.java:91] Tomcat initialized with port(s): 8080 (http)
2020-12-05 19:34:07,160 INFO [restartedMain] o.a.c.h.Http11NioProtocol [DirectJDKLog.java:173] Initializing ProtocolHandler ["http-nio-8080"]
2020-12-05 19:34:07,160 INFO [restartedMain] o.a.c.c.StandardService [DirectJDKLog.java:173] Starting service [Tomcat]
2020-12-05 19:34:07,160 INFO [restartedMain] o.a.c.c.StandardEngine [DirectJDKLog.java:173] Starting Servlet engine: [Apache Tomcat/9.0.37]
2020-12-05 19:34:07,254 INFO [restartedMain] o.a.c.c.C.[.[.[/bbs1] [DirectJDKLog.java:173] Initializing Spring embedded WebApplicationContext
2020-12-05 19:34:07,254 INFO [restartedMain] o.s.b.w.s.c.ServletWebServerApplicationContext [ServletWebServerApplicationContext.java:283] Root WebApplicationContext: initialization completed in 1205 ms
2020-12-05 19:34:07,867 INFO [restartedMain] o.s.s.c.ThreadPoolTaskExecutor [ExecutorConfigurationSupport.java:181] Initializing ExecutorService 'applicationTaskExecutor'
2020-12-05 19:34:07,930 INFO [restartedMain] o.s.b.a.w.s.WelcomePageHandlerMapping [WelcomePageHandlerMapping.java:58] Adding welcome page template: index
2020-12-05 19:34:08,095 INFO [restartedMain] o.s.b.d.a.OptionalLiveReloadServer [OptionalLiveReloadServer.java:58] LiveReload server is running on port 35729
2020-12-05 19:34:08,126 INFO [restartedMain] o.a.c.h.Http11NioProtocol [DirectJDKLog.java:173] Starting ProtocolHandler ["http-nio-8080"]
2020-12-05 19:34:08,142 INFO [restartedMain] o.s.b.w.e.t.TomcatWebServer [TomcatWebServer.java:203] Tomcat started on port(s): 8080 (http) with context path '/bbs1'
2020-12-05 19:34:08,142 INFO [restartedMain] c.j.b.BBS1Application [StartupInfoLogger.java:61] Started BBS1Application in 2.767 seconds (JVM running for 4.283)
2020-12-05 19:35:10,040 INFO [http-nio-8080-exec-5] o.a.c.c.C.[.[.[/bbs1] [DirectJDKLog.java:173] Initializing Spring DispatcherServlet 'dispatcherServlet'
2020-12-05 19:35:10,040 INFO [http-nio-8080-exec-5] o.s.w.s.DispatcherServlet [FrameworkServlet.java:525] Initializing Servlet 'dispatcherServlet'
2020-12-05 19:35:10,056 INFO [http-nio-8080-exec-5] o.s.w.s.DispatcherServlet [FrameworkServlet.java:547] Completed initialization in 16 ms
2020-12-05 19:35:10,071 INFO [http-nio-8080-exec-5] c.z.h.HikariDataSource [HikariDataSource.java:110] HikariPool-1 - Starting...
2020-12-05 19:35:10,206 INFO [http-nio-8080-exec-5] c.z.h.HikariDataSource [HikariDataSource.java:123] HikariPool-1 - Start completed.
2020-12-05 20:47:35,495 INFO [restartedMain] c.j.b.BBS1Application [StartupInfoLogger.java:55] Starting BBS1Application on localhost with PID 12488 (C:\JavaEE304\bbs1\target\classes started by maxti in C:\JavaEE304\bbs1)
2020-12-05 20:47:35,500 INFO [restartedMain] c.j.b.BBS1Application [SpringApplication.java:651] No active profile set, falling back to default profiles: default
2020-12-05 20:47:35,634 INFO [restartedMain] o.s.b.d.e.DevToolsPropertyDefaultsPostProcessor [DeferredLog.java:225] Devtools property defaults active! Set 'spring.devtools.add-properties' to 'false' to disable
2020-12-05 20:47:35,635 INFO [restartedMain] o.s.b.d.e.DevToolsPropertyDefaultsPostProcessor [DeferredLog.java:225] For additional web related logging consider setting the 'logging.level.web' property to 'DEBUG'
2020-12-05 20:47:37,096 INFO [restartedMain] o.s.b.w.e.t.TomcatWebServer [TomcatWebServer.java:91] Tomcat initialized with port(s): 8080 (http)
2020-12-05 20:47:37,106 INFO [restartedMain] o.a.c.h.Http11NioProtocol [DirectJDKLog.java:173] Initializing ProtocolHandler ["http-nio-8080"]
2020-12-05 20:47:37,107 INFO [restartedMain] o.a.c.c.StandardService [DirectJDKLog.java:173] Starting service [Tomcat]
2020-12-05 20:47:37,107 INFO [restartedMain] o.a.c.c.StandardEngine [DirectJDKLog.java:173] Starting Servlet engine: [Apache Tomcat/9.0.37]
2020-12-05 20:47:37,217 INFO [restartedMain] o.a.c.c.C.[.[.[/bbs1] [DirectJDKLog.java:173] Initializing Spring embedded WebApplicationContext
2020-12-05 20:47:37,217 INFO [restartedMain] o.s.b.w.s.c.ServletWebServerApplicationContext [ServletWebServerApplicationContext.java:283] Root WebApplicationContext: initialization completed in 1582 ms
2020-12-05 20:47:37,860 INFO [restartedMain] o.s.s.c.ThreadPoolTaskExecutor [ExecutorConfigurationSupport.java:181] Initializing ExecutorService 'applicationTaskExecutor'
2020-12-05 20:47:37,944 INFO [restartedMain] o.s.b.a.w.s.WelcomePageHandlerMapping [WelcomePageHandlerMapping.java:58] Adding welcome page template: index
2020-12-05 20:47:38,116 INFO [restartedMain] o.s.b.d.a.OptionalLiveReloadServer [OptionalLiveReloadServer.java:58] LiveReload server is running on port 35729
2020-12-05 20:47:38,142 INFO [restartedMain] o.a.c.h.Http11NioProtocol [DirectJDKLog.java:173] Starting ProtocolHandler ["http-nio-8080"]
2020-12-05 20:47:38,168 INFO [restartedMain] o.s.b.w.e.t.TomcatWebServer [TomcatWebServer.java:203] Tomcat started on port(s): 8080 (http) with context path '/bbs1'
2020-12-05 20:47:38,172 INFO [restartedMain] c.j.b.BBS1Application [StartupInfoLogger.java:61] Started BBS1Application in 3.323 seconds (JVM running for 4.845)
2020-12-05 20:50:09,963 INFO [http-nio-8080-exec-1] o.a.c.c.C.[.[.[/bbs1] [DirectJDKLog.java:173] Initializing Spring DispatcherServlet 'dispatcherServlet'
2020-12-05 20:50:09,964 INFO [http-nio-8080-exec-1] o.s.w.s.DispatcherServlet [FrameworkServlet.java:525] Initializing Servlet 'dispatcherServlet'
2020-12-05 20:50:09,973 INFO [http-nio-8080-exec-1] o.s.w.s.DispatcherServlet [FrameworkServlet.java:547] Completed initialization in 8 ms
2020-12-05 20:50:10,006 INFO [http-nio-8080-exec-1] c.z.h.HikariDataSource [HikariDataSource.java:110] HikariPool-1 - Starting...
2020-12-05 20:50:10,127 INFO [http-nio-8080-exec-1] c.z.h.HikariDataSource [HikariDataSource.java:123] HikariPool-1 - Start completed.
