2020-12-06 17:24:57,244 INFO [restartedMain] c.j.b.BBS1Application [StartupInfoLogger.java:55] Starting BBS1Application on localhost with PID 9412 (C:\JavaEE304\bbs1\target\classes started by maxti in C:\JavaEE304\bbs1)
2020-12-06 17:24:57,258 INFO [restartedMain] c.j.b.BBS1Application [SpringApplication.java:651] No active profile set, falling back to default profiles: default
2020-12-06 17:24:57,406 INFO [restartedMain] o.s.b.d.e.DevToolsPropertyDefaultsPostProcessor [DeferredLog.java:225] Devtools property defaults active! Set 'spring.devtools.add-properties' to 'false' to disable
2020-12-06 17:24:57,406 INFO [restartedMain] o.s.b.d.e.DevToolsPropertyDefaultsPostProcessor [DeferredLog.java:225] For additional web related logging consider setting the 'logging.level.web' property to 'DEBUG'
2020-12-06 17:24:59,043 INFO [restartedMain] o.s.b.w.e.t.TomcatWebServer [TomcatWebServer.java:91] Tomcat initialized with port(s): 8080 (http)
2020-12-06 17:24:59,056 INFO [restartedMain] o.a.c.h.Http11NioProtocol [DirectJDKLog.java:173] Initializing ProtocolHandler ["http-nio-8080"]
2020-12-06 17:24:59,057 INFO [restartedMain] o.a.c.c.StandardService [DirectJDKLog.java:173] Starting service [Tomcat]
2020-12-06 17:24:59,057 INFO [restartedMain] o.a.c.c.StandardEngine [DirectJDKLog.java:173] Starting Servlet engine: [Apache Tomcat/9.0.37]
2020-12-06 17:24:59,192 INFO [restartedMain] o.a.c.c.C.[.[.[/bbs1] [DirectJDKLog.java:173] Initializing Spring embedded WebApplicationContext
2020-12-06 17:24:59,193 INFO [restartedMain] o.s.b.w.s.c.ServletWebServerApplicationContext [ServletWebServerApplicationContext.java:283] Root WebApplicationContext: initialization completed in 1786 ms
2020-12-06 17:24:59,966 INFO [restartedMain] o.s.s.c.ThreadPoolTaskExecutor [ExecutorConfigurationSupport.java:181] Initializing ExecutorService 'applicationTaskExecutor'
2020-12-06 17:25:00,046 INFO [restartedMain] o.s.b.a.w.s.WelcomePageHandlerMapping [WelcomePageHandlerMapping.java:58] Adding welcome page template: index
2020-12-06 17:25:00,244 INFO [restartedMain] o.s.b.d.a.OptionalLiveReloadServer [OptionalLiveReloadServer.java:58] LiveReload server is running on port 35729
2020-12-06 17:25:00,279 INFO [restartedMain] o.a.c.h.Http11NioProtocol [DirectJDKLog.java:173] Starting ProtocolHandler ["http-nio-8080"]
2020-12-06 17:25:00,305 INFO [restartedMain] o.s.b.w.e.t.TomcatWebServer [TomcatWebServer.java:203] Tomcat started on port(s): 8080 (http) with context path '/bbs1'
2020-12-06 17:25:00,309 INFO [restartedMain] c.j.b.BBS1Application [StartupInfoLogger.java:61] Started BBS1Application in 3.978 seconds (JVM running for 6.386)
2020-12-06 17:26:27,152 INFO [http-nio-8080-exec-3] o.a.c.c.C.[.[.[/bbs1] [DirectJDKLog.java:173] Initializing Spring DispatcherServlet 'dispatcherServlet'
2020-12-06 17:26:27,153 INFO [http-nio-8080-exec-3] o.s.w.s.DispatcherServlet [FrameworkServlet.java:525] Initializing Servlet 'dispatcherServlet'
2020-12-06 17:26:27,160 INFO [http-nio-8080-exec-3] o.s.w.s.DispatcherServlet [FrameworkServlet.java:547] Completed initialization in 7 ms
2020-12-06 17:26:27,220 INFO [http-nio-8080-exec-3] c.z.h.HikariDataSource [HikariDataSource.java:110] HikariPool-1 - Starting...
2020-12-06 17:26:46,462 INFO [http-nio-8080-exec-6] c.z.h.HikariDataSource [HikariDataSource.java:110] HikariPool-1 - Starting...
2020-12-06 17:26:46,494 INFO [http-nio-8080-exec-6] c.z.h.HikariDataSource [HikariDataSource.java:123] HikariPool-1 - Start completed.
